1610718784809	geckodriver	INFO	Listening on 127.0.0.1:61785
1610769923303	geckodriver	INFO	Listening on 127.0.0.1:50539
1610769926456	mozrunner::runner	INFO	Running command: "C:\\Program Files\\Mozilla Firefox\\firefox.exe" "--marionette" "-foreground" "-no-remote" "-profile" "C:\\Users\\XIONGR~1\\AppData\\Local\\Temp\\rust_mozprofileTIvIy4"
Can't find symbol 'eglSwapBuffersWithDamageEXT'.
Can't find symbol 'eglSetDamageRegionKHR'.
console.warn: SearchSettings: "get: No settings file exists, new profile?" (new Error("", "(unknown module)"))
1610769932708	Marionette	INFO	Listening on port 50557
1610769932831	Marionette	WARN	TLS certificate errors will be ignored for this session
1610769936332	Marionette	INFO	Stopped listening on port 50557
JavaScript error: resource://activity-stream/lib/ASRouter.jsm, line 987: NS_ERROR_ILLEGAL_VALUE: Component returned failure code: 0x80070057 (NS_ERROR_ILLEGAL_VALUE) [nsIObserverService.removeObserver]
[Child 18524, Chrome_ChildThread] WARNING: pipe error: 232: file /builds/worker/checkouts/gecko/ipc/chromium/src/chrome/common/ipc_channel_win.cc:545

###!!! [Child][RunMessage] Error: Channel closing: too late to send/recv, messages will be lost

1610769978802	geckodriver	INFO	Listening on 127.0.0.1:50832
1610769981835	mozrunner::runner	INFO	Running command: "C:\\Program Files\\Mozilla Firefox\\firefox.exe" "--marionette" "-foreground" "-no-remote" "-profile" "C:\\Users\\XIONGR~1\\AppData\\Local\\Temp\\rust_mozprofileXU6sYR"
Can't find symbol 'eglSwapBuffersWithDamageEXT'.
Can't find symbol 'eglSetDamageRegionKHR'.
console.warn: SearchSettings: "get: No settings file exists, new profile?" (new Error("", "(unknown module)"))
1610769987258	Marionette	INFO	Listening on port 50854
1610769987676	Marionette	WARN	TLS certificate errors will be ignored for this session
console.error: Region.jsm: "Error fetching region" (new Error("TIMEOUT", "resource://gre/modules/Region.jsm", 726))
console.error: Region.jsm: "Failed to fetch region" (new Error("TIMEOUT", "resource://gre/modules/Region.jsm", 376))
1610769991705	Marionette	INFO	Stopped listening on port 50854
1610769993218	geckodriver	INFO	Listening on 127.0.0.1:50954
1610769996264	mozrunner::runner	INFO	Running command: "C:\\Program Files\\Mozilla Firefox\\firefox.exe" "--marionette" "-foreground" "-no-remote" "-profile" "C:\\Users\\XIONGR~1\\AppData\\Local\\Temp\\rust_mozprofileO4bZ07"
Can't find symbol 'eglSwapBuffersWithDamageEXT'.
Can't find symbol 'eglSetDamageRegionKHR'.
console.warn: SearchSettings: "get: No settings file exists, new profile?" (new Error("", "(unknown module)"))
1610770001437	Marionette	INFO	Listening on port 50976
1610770001566	Marionette	WARN	TLS certificate errors will be ignored for this session
console.error: Region.jsm: "Error fetching region" (new Error("TIMEOUT", "resource://gre/modules/Region.jsm", 726))
console.error: Region.jsm: "Failed to fetch region" (new Error("TIMEOUT", "resource://gre/modules/Region.jsm", 376))
1610770014837	Marionette	INFO	Stopped listening on port 50976

###!!! [Child][RunMessage] Error: Channel closing: too late to send/recv, messages will be lost

1610770092567	geckodriver	INFO	Listening on 127.0.0.1:51281
1610770095630	mozrunner::runner	INFO	Running command: "C:\\Program Files\\Mozilla Firefox\\firefox.exe" "--marionette" "-foreground" "-no-remote" "-profile" "C:\\Users\\XIONGR~1\\AppData\\Local\\Temp\\rust_mozprofile5JUMck"
Can't find symbol 'eglSwapBuffersWithDamageEXT'.
Can't find symbol 'eglSetDamageRegionKHR'.
console.warn: SearchSettings: "get: No settings file exists, new profile?" (new Error("", "(unknown module)"))
[Parent 13220, Gecko_IOThread] WARNING: file /builds/worker/checkouts/gecko/ipc/chromium/src/base/process_util_win.cc:166
1610770101734	Marionette	INFO	Listening on port 51298
1610770101966	Marionette	WARN	TLS certificate errors will be ignored for this session
Can't find symbol 'eglSwapBuffersWithDamageEXT'.
Can't find symbol 'eglSetDamageRegionKHR'.
JavaScript error: https://captcha.gtimg.com/public/2/tdc_iframe.html, line 10: NS_ERROR_FAILURE: 
1610770113146	Marionette	INFO	Stopped listening on port 51298

###!!! [Child][RunMessage] Error: Channel closing: too late to send/recv, messages will be lost

1610770114651	geckodriver	INFO	Listening on 127.0.0.1:51428
1610770117674	mozrunner::runner	INFO	Running command: "C:\\Program Files\\Mozilla Firefox\\firefox.exe" "--marionette" "-foreground" "-no-remote" "-profile" "C:\\Users\\XIONGR~1\\AppData\\Local\\Temp\\rust_mozprofileYkERLj"
Can't find symbol 'eglSwapBuffersWithDamageEXT'.
Can't find symbol 'eglSetDamageRegionKHR'.
console.warn: SearchSettings: "get: No settings file exists, new profile?" (new Error("", "(unknown module)"))
1610770122966	Marionette	INFO	Listening on port 51452
JavaScript error: resource://activity-stream/lib/ASRouter.jsm, line 987: NS_ERROR_ILLEGAL_VALUE: Component returned failure code: 0x80070057 (NS_ERROR_ILLEGAL_VALUE) [nsIObserverService.removeObserver]
1610770126674	Marionette	INFO	Stopped listening on port 51452

###!!! [Child][RunMessage] Error: Channel closing: too late to send/recv, messages will be lost

1610770144392	geckodriver	INFO	Listening on 127.0.0.1:51582
1610770147462	mozrunner::runner	INFO	Running command: "C:\\Program Files\\Mozilla Firefox\\firefox.exe" "--marionette" "-foreground" "-no-remote" "-profile" "C:\\Users\\XIONGR~1\\AppData\\Local\\Temp\\rust_mozprofileNv86NT"
Can't find symbol 'eglSwapBuffersWithDamageEXT'.
Can't find symbol 'eglSetDamageRegionKHR'.
console.warn: SearchSettings: "get: No settings file exists, new profile?" (new Error("", "(unknown module)"))
1610770151911	Marionette	INFO	Listening on port 51609
1610770152224	Marionette	WARN	TLS certificate errors will be ignored for this session
1610770157442	Marionette	INFO	Stopped listening on port 51609

###!!! [Child][RunMessage] Error: Channel closing: too late to send/recv, messages will be lost

1610770158830	geckodriver	INFO	Listening on 127.0.0.1:51712
1610770161857	mozrunner::runner	INFO	Running command: "C:\\Program Files\\Mozilla Firefox\\firefox.exe" "--marionette" "-foreground" "-no-remote" "-profile" "C:\\Users\\XIONGR~1\\AppData\\Local\\Temp\\rust_mozprofileYGr2Q8"
Can't find symbol 'eglSwapBuffersWithDamageEXT'.
Can't find symbol 'eglSetDamageRegionKHR'.
console.warn: SearchSettings: "get: No settings file exists, new profile?" (new Error("", "(unknown module)"))
1610770166672	Marionette	INFO	Listening on port 51729
1610770167134	Marionette	WARN	TLS certificate errors will be ignored for this session
JavaScript error: resource://activity-stream/lib/ASRouter.jsm, line 987: NS_ERROR_ILLEGAL_VALUE: Component returned failure code: 0x80070057 (NS_ERROR_ILLEGAL_VALUE) [nsIObserverService.removeObserver]

###!!! [Child][MessageChannel] Error: (msgtype=0x5B000A,name=PHttpChannel::Msg_DeletingChannel) Channel closing: too late to send/recv, messages will be lost

1610770170294	Marionette	INFO	Stopped listening on port 51729

###!!! [Child][RunMessage] Error: Channel closing: too late to send/recv, messages will be lost

1610772965064	geckodriver	INFO	Listening on 127.0.0.1:64342
1610772968136	mozrunner::runner	INFO	Running command: "C:\\Program Files\\Mozilla Firefox\\firefox.exe" "--marionette" "-foreground" "-no-remote" "-profile" "C:\\Users\\XIONGR~1\\AppData\\Local\\Temp\\rust_mozprofilebWYnVJ"
Can't find symbol 'eglSwapBuffersWithDamageEXT'.
Can't find symbol 'eglSetDamageRegionKHR'.
console.warn: SearchSettings: "get: No settings file exists, new profile?" (new Error("", "(unknown module)"))
1610772973877	Marionette	INFO	Listening on port 64359
1610772974412	Marionette	WARN	TLS certificate errors will be ignored for this session
1610772982988	Marionette	INFO	Stopped listening on port 64359

###!!! [Child][RunMessage] Error: Channel closing: too late to send/recv, messages will be lost

1610772984395	geckodriver	INFO	Listening on 127.0.0.1:64447
1610773078326	geckodriver	INFO	Listening on 127.0.0.1:64784
1610773081391	mozrunner::runner	INFO	Running command: "C:\\Program Files\\Mozilla Firefox\\firefox.exe" "--marionette" "-foreground" "-no-remote" "-profile" "C:\\Users\\XIONGR~1\\AppData\\Local\\Temp\\rust_mozprofileR9XFhK"
Can't find symbol 'eglSwapBuffersWithDamageEXT'.
Can't find symbol 'eglSetDamageRegionKHR'.
console.warn: SearchSettings: "get: No settings file exists, new profile?" (new Error("", "(unknown module)"))
1610773086254	Marionette	INFO	Listening on port 64809
1610773086723	Marionette	WARN	TLS certificate errors will be ignored for this session
Can't find symbol 'eglSwapBuffersWithDamageEXT'.
Can't find symbol 'eglSetDamageRegionKHR'.
JavaScript error: https://captcha.gtimg.com/public/2/tdc_iframe.html, line 10: NS_ERROR_FAILURE: 
1610773103560	Marionette	INFO	Stopped listening on port 64809
[Child 13052, Chrome_ChildThread] WARNING: pipe error: 232: file /builds/worker/checkouts/gecko/ipc/chromium/src/chrome/common/ipc_channel_win.cc:545

###!!! [Child][RunMessage] Error: Channel closing: too late to send/recv, messages will be lost

1610773105281	geckodriver	INFO	Listening on 127.0.0.1:64966
1610773108301	mozrunner::runner	INFO	Running command: "C:\\Program Files\\Mozilla Firefox\\firefox.exe" "--marionette" "-foreground" "-no-remote" "-profile" "C:\\Users\\XIONGR~1\\AppData\\Local\\Temp\\rust_mozprofile6P1WAD"
Can't find symbol 'eglSwapBuffersWithDamageEXT'.
Can't find symbol 'eglSetDamageRegionKHR'.
console.warn: SearchSettings: "get: No settings file exists, new profile?" (new Error("", "(unknown module)"))
1610773113985	Marionette	INFO	Listening on port 64982
1610773242751	Marionette	INFO	Stopped listening on port 64982
1610773403427	geckodriver	INFO	Listening on 127.0.0.1:49718
1610773406508	mozrunner::runner	INFO	Running command: "C:\\Program Files\\Mozilla Firefox\\firefox.exe" "--marionette" "-foreground" "-no-remote" "-profile" "C:\\Users\\XIONGR~1\\AppData\\Local\\Temp\\rust_mozprofileDkl5Tk"
Can't find symbol 'eglSwapBuffersWithDamageEXT'.
Can't find symbol 'eglSetDamageRegionKHR'.
console.warn: SearchSettings: "get: No settings file exists, new profile?" (new Error("", "(unknown module)"))
1610773414518	Marionette	INFO	Listening on port 49743
1610773414917	Marionette	WARN	TLS certificate errors will be ignored for this session
1610773428838	Marionette	INFO	Stopped listening on port 49743
[Child 8736, Chrome_ChildThread] WARNING: pipe error: 232: file /builds/worker/checkouts/gecko/ipc/chromium/src/chrome/common/ipc_channel_win.cc:545

###!!! [Child][RunMessage] Error: Channel closing: too late to send/recv, messages will be lost

1610773430643	geckodriver	INFO	Listening on 127.0.0.1:49918
1610773433667	mozrunner::runner	INFO	Running command: "C:\\Program Files\\Mozilla Firefox\\firefox.exe" "--marionette" "-foreground" "-no-remote" "-profile" "C:\\Users\\XIONGR~1\\AppData\\Local\\Temp\\rust_mozprofiletDjrc4"
Can't find symbol 'eglSwapBuffersWithDamageEXT'.
Can't find symbol 'eglSetDamageRegionKHR'.
console.warn: SearchSettings: "get: No settings file exists, new profile?" (new Error("", "(unknown module)"))
1610773439138	Marionette	INFO	Listening on port 49935
1610773439478	Marionette	WARN	TLS certificate errors will be ignored for this session
JavaScript error: resource://activity-stream/lib/ASRouter.jsm, line 987: NS_ERROR_ILLEGAL_VALUE: Component returned failure code: 0x80070057 (NS_ERROR_ILLEGAL_VALUE) [nsIObserverService.removeObserver]
[Child 9880, Chrome_ChildThread] WARNING: pipe error: 232: file /builds/worker/checkouts/gecko/ipc/chromium/src/chrome/common/ipc_channel_win.cc:545

###!!! [Child][RunMessage] Error: Channel error: cannot send/recv


###!!! [Child][RunMessage] Error: Channel error: cannot send/recv


###!!! [Child][RunMessage] Error: Channel error: cannot send/recv

console.warn: services.settings: main/partitioning-exempt-urls sync interrupted by shutdown
console.error: services.settings: 
  main/message-groups Signature failed  TypeError: NetworkError when attempting to fetch resource.
console.error: services.settings: 
  main/fxmonitor-breaches Signature failed  TypeError: NetworkError when attempting to fetch resource.
[Parent 8568, Gecko_IOThread] WARNING: file /builds/worker/checkouts/gecko/ipc/chromium/src/base/process_util_win.cc:166
1610773441576	Marionette	INFO	Stopped listening on port 49935

###!!! [Child][RunMessage] Error: Channel closing: too late to send/recv, messages will be lost

